.next/dev/types/validator.ts(153,31): error TS2344: Type 'typeof import("C:/Work/english-backoffice/src/app/api/courses/[id]/route")' does not satisfy the constraint 'RouteHandlerConfig<"/api/courses/[id]">'.
  Types of property 'GET' are incompatible.
    Type '(req: NextRequest, { params }: { params: { id: string; }; }) => Promise<NextResponse<any>>' is not assignable to type '(request: NextRequest, context: { params: Promise<{ id: string; }>; }) => void | Response | Promise<void | Response>'.
      Types of parameters '__1' and 'context' are incompatible.
        Type '{ params: Promise<{ id: string; }>; }' is not assignable to type '{ params: { id: string; }; }'.
          Types of property 'params' are incompatible.
            Property 'id' is missing in type 'Promise<{ id: string; }>' but required in type '{ id: string; }'.
.next/dev/types/validator.ts(171,31): error TS2344: Type 'typeof import("C:/Work/english-backoffice/src/app/api/session-groups/[id]/route")' does not satisfy the constraint 'RouteHandlerConfig<"/api/session-groups/[id]">'.
  Types of property 'PUT' are incompatible.
    Type '(req: NextRequest, { params }: { params: { id: string; }; }) => Promise<NextResponse<any>>' is not assignable to type '(request: NextRequest, context: { params: Promise<{ id: string; }>; }) => void | Response | Promise<void | Response>'.
      Types of parameters '__1' and 'context' are incompatible.
        Type '{ params: Promise<{ id: string; }>; }' is not assignable to type '{ params: { id: string; }; }'.
          Types of property 'params' are incompatible.
            Property 'id' is missing in type 'Promise<{ id: string; }>' but required in type '{ id: string; }'.
.next/dev/types/validator.ts(198,31): error TS2344: Type 'typeof import("C:/Work/english-backoffice/src/app/api/sessions/[id]/route")' does not satisfy the constraint 'RouteHandlerConfig<"/api/sessions/[id]">'.
  Types of property 'GET' are incompatible.
    Type '(req: NextRequest, { params }: { params: { id: string; }; }) => Promise<NextResponse<any>>' is not assignable to type '(request: NextRequest, context: { params: Promise<{ id: string; }>; }) => void | Response | Promise<void | Response>'.
      Types of parameters '__1' and 'context' are incompatible.
        Type '{ params: Promise<{ id: string; }>; }' is not assignable to type '{ params: { id: string; }; }'.
          Types of property 'params' are incompatible.
            Property 'id' is missing in type 'Promise<{ id: string; }>' but required in type '{ id: string; }'.
.next/dev/types/validator.ts(243,31): error TS2344: Type 'typeof import("C:/Work/english-backoffice/src/app/api/topics/[id]/route")' does not satisfy the constraint 'RouteHandlerConfig<"/api/topics/[id]">'.
  Types of property 'PUT' are incompatible.
    Type '(req: NextRequest, { params }: { params: { id: string; }; }) => Promise<NextResponse<any>>' is not assignable to type '(request: NextRequest, context: { params: Promise<{ id: string; }>; }) => void | Response | Promise<void | Response>'.
      Types of parameters '__1' and 'context' are incompatible.
        Type '{ params: Promise<{ id: string; }>; }' is not assignable to type '{ params: { id: string; }; }'.
          Types of property 'params' are incompatible.
            Property 'id' is missing in type 'Promise<{ id: string; }>' but required in type '{ id: string; }'.
.next/dev/types/validator.ts(270,31): error TS2344: Type 'typeof import("C:/Work/english-backoffice/src/app/api/units/[id]/route")' does not satisfy the constraint 'RouteHandlerConfig<"/api/units/[id]">'.
  Types of property 'PUT' are incompatible.
    Type '(req: NextRequest, { params }: { params: { id: string; }; }) => Promise<NextResponse<any>>' is not assignable to type '(request: NextRequest, context: { params: Promise<{ id: string; }>; }) => void | Response | Promise<void | Response>'.
      Types of parameters '__1' and 'context' are incompatible.
        Type '{ params: Promise<{ id: string; }>; }' is not assignable to type '{ params: { id: string; }; }'.
          Types of property 'params' are incompatible.
            Property 'id' is missing in type 'Promise<{ id: string; }>' but required in type '{ id: string; }'.
src/app/(dashboard)/dashboard/courses/[courseId]/units/[unitId]/topics/[topicId]/groups/[groupId]/sessions/[sessionId]/builder/page.tsx(57,28): error TS2307: Cannot find module '@/components/ui/scroll-area' or its corresponding type declarations.
src/app/(dashboard)/dashboard/courses/[courseId]/units/[unitId]/topics/[topicId]/groups/[groupId]/sessions/[sessionId]/builder/page.tsx(65,11): error TS2304: Cannot find name 'Action'.
src/app/(dashboard)/dashboard/courses/[courseId]/units/[unitId]/topics/[topicId]/groups/[groupId]/sessions/[sessionId]/builder/page.tsx(152,32): error TS2339: Property 'id' does not exist on type 'Screen'.
src/app/(dashboard)/dashboard/courses/[courseId]/units/[unitId]/topics/[topicId]/groups/[groupId]/sessions/[sessionId]/builder/page.tsx(224,29): error TS2339: Property 'actions' does not exist on type 'Screen'.
src/app/(dashboard)/dashboard/courses/[courseId]/units/[unitId]/topics/[topicId]/groups/[groupId]/sessions/[sessionId]/builder/page.tsx(224,42): error TS7006: Parameter 'a' implicitly has an 'any' type.
src/app/(dashboard)/dashboard/courses/[courseId]/units/[unitId]/topics/[topicId]/groups/[groupId]/sessions/[sessionId]/builder/page.tsx(228,25): error TS2339: Property 'actions' does not exist on type 'Screen'.
src/app/(dashboard)/dashboard/courses/[courseId]/units/[unitId]/topics/[topicId]/groups/[groupId]/sessions/[sessionId]/builder/page.tsx(228,38): error TS7006: Parameter 'action' implicitly has an 'any' type.
src/app/(dashboard)/dashboard/courses/[courseId]/units/[unitId]/topics/[topicId]/groups/[groupId]/sessions/[sessionId]/builder/page.tsx(305,22): error TS2339: Property 'actions' does not exist on type 'Screen'.
src/app/(dashboard)/dashboard/courses/[courseId]/units/[unitId]/topics/[topicId]/groups/[groupId]/sessions/[sessionId]/builder/page.tsx(305,35): error TS7006: Parameter 'a' implicitly has an 'any' type.
src/app/(dashboard)/dashboard/courses/[courseId]/units/[unitId]/topics/[topicId]/groups/[groupId]/sessions/[sessionId]/builder/page.tsx(305,38): error TS7006: Parameter 'aIdx' implicitly has an 'any' type.
src/app/(dashboard)/dashboard/courses/[courseId]/units/[unitId]/topics/[topicId]/groups/[groupId]/sessions/[sessionId]/builder/page.tsx(372,26): error TS2339: Property 'actions' does not exist on type 'Screen'.
src/app/(dashboard)/dashboard/courses/[courseId]/units/[unitId]/topics/[topicId]/groups/[groupId]/sessions/[sessionId]/builder/page.tsx(372,39): error TS7006: Parameter 'a' implicitly has an 'any' type.
src/app/(dashboard)/dashboard/courses/[courseId]/units/[unitId]/topics/[topicId]/groups/[groupId]/sessions/[sessionId]/builder/page.tsx(420,50): error TS2339: Property 'id' does not exist on type 'Screen'.
src/app/(dashboard)/dashboard/courses/[courseId]/units/[unitId]/topics/[topicId]/groups/[groupId]/sessions/[sessionId]/builder/page.tsx(421,50): error TS2339: Property 'id' does not exist on type 'Screen'.
src/app/(dashboard)/dashboard/courses/[courseId]/units/[unitId]/topics/[topicId]/groups/[groupId]/sessions/[sessionId]/builder/page.tsx(428,31): error TS2322: Type 'Screen | { id: string; actions: never[]; }' is not assignable to type 'Screen'.
  Object literal may only specify known properties, and 'id' does not exist in type 'Screen'.
src/app/(dashboard)/dashboard/courses/[courseId]/units/[unitId]/topics/[topicId]/groups/[groupId]/sessions/[sessionId]/builder/page.tsx(428,31): error TS2353: Object literal may only specify known properties, and 'id' does not exist in type 'Screen'.
src/app/(dashboard)/dashboard/courses/[courseId]/units/[unitId]/topics/[topicId]/groups/[groupId]/sessions/[sessionId]/builder/page.tsx(432,40): error TS2339: Property 'id' does not exist on type 'Screen'.
src/app/(dashboard)/dashboard/courses/[courseId]/units/[unitId]/topics/[topicId]/groups/[groupId]/sessions/[sessionId]/builder/page.tsx(438,15): error TS2339: Property 'id' does not exist on type 'Screen'.
src/app/(dashboard)/dashboard/courses/[courseId]/units/[unitId]/topics/[topicId]/groups/[groupId]/sessions/[sessionId]/builder/page.tsx(443,20): error TS2339: Property 'actions' does not exist on type 'Screen'.
src/app/(dashboard)/dashboard/courses/[courseId]/units/[unitId]/topics/[topicId]/groups/[groupId]/sessions/[sessionId]/builder/page.tsx(464,15): error TS2339: Property 'id' does not exist on type 'Screen'.
src/app/(dashboard)/dashboard/courses/[courseId]/units/[unitId]/topics/[topicId]/groups/[groupId]/sessions/[sessionId]/builder/page.tsx(465,30): error TS2339: Property 'actions' does not exist on type 'Screen'.
src/app/(dashboard)/dashboard/courses/[courseId]/units/[unitId]/topics/[topicId]/groups/[groupId]/sessions/[sessionId]/builder/page.tsx(465,49): error TS7006: Parameter 'a' implicitly has an 'any' type.
src/app/(dashboard)/dashboard/courses/[courseId]/units/[unitId]/topics/[topicId]/groups/[groupId]/sessions/[sessionId]/builder/page.tsx(466,30): error TS2339: Property 'actions' does not exist on type 'Screen'.
src/app/(dashboard)/dashboard/courses/[courseId]/units/[unitId]/topics/[topicId]/groups/[groupId]/sessions/[sessionId]/builder/page.tsx(466,49): error TS7006: Parameter 'a' implicitly has an 'any' type.
src/app/(dashboard)/dashboard/courses/[courseId]/units/[unitId]/topics/[topicId]/groups/[groupId]/sessions/[sessionId]/builder/page.tsx(467,47): error TS2339: Property 'actions' does not exist on type 'Screen'.
src/app/(dashboard)/dashboard/courses/[courseId]/units/[unitId]/topics/[topicId]/groups/[groupId]/sessions/[sessionId]/builder/page.tsx(477,15): error TS2339: Property 'id' does not exist on type 'Screen'.
src/app/(dashboard)/dashboard/courses/[courseId]/units/[unitId]/topics/[topicId]/groups/[groupId]/sessions/[sessionId]/builder/page.tsx(478,37): error TS2339: Property 'actions' does not exist on type 'Screen'.
src/app/(dashboard)/dashboard/courses/[courseId]/units/[unitId]/topics/[topicId]/groups/[groupId]/sessions/[sessionId]/builder/page.tsx(478,53): error TS7006: Parameter 'a' implicitly has an 'any' type.
src/app/(dashboard)/dashboard/courses/[courseId]/units/[unitId]/topics/[topicId]/groups/[groupId]/sessions/[sessionId]/builder/page.tsx(490,20): error TS2339: Property 'actions' does not exist on type 'Screen'.
src/app/(dashboard)/dashboard/courses/[courseId]/units/[unitId]/topics/[topicId]/groups/[groupId]/sessions/[sessionId]/builder/page.tsx(490,33): error TS7006: Parameter 'a' implicitly has an 'any' type.
src/app/(dashboard)/dashboard/courses/[courseId]/units/[unitId]/topics/[topicId]/groups/[groupId]/sessions/[sessionId]/builder/page.tsx(500,29): error TS2339: Property 'actions' does not exist on type 'Screen'.
src/app/(dashboard)/dashboard/courses/[courseId]/units/[unitId]/topics/[topicId]/groups/[groupId]/sessions/[sessionId]/builder/page.tsx(500,43): error TS7006: Parameter 'a' implicitly has an 'any' type.
src/app/(dashboard)/dashboard/courses/[courseId]/units/[unitId]/topics/[topicId]/groups/[groupId]/sessions/[sessionId]/builder/page.tsx(569,45): error TS2339: Property 'id' does not exist on type 'Screen'.
src/app/(dashboard)/dashboard/courses/[courseId]/units/[unitId]/topics/[topicId]/groups/[groupId]/sessions/[sessionId]/builder/page.tsx(574,33): error TS2339: Property 'id' does not exist on type 'Screen'.
src/app/(dashboard)/dashboard/courses/[courseId]/units/[unitId]/topics/[topicId]/groups/[groupId]/sessions/[sessionId]/builder/page.tsx(578,57): error TS2339: Property 'id' does not exist on type 'Screen'.
src/app/(dashboard)/dashboard/courses/[courseId]/units/[unitId]/topics/[topicId]/groups/[groupId]/sessions/[sessionId]/builder/page.tsx(579,69): error TS2339: Property 'id' does not exist on type 'Screen'.
src/app/(dashboard)/dashboard/courses/[courseId]/units/[unitId]/topics/[topicId]/groups/[groupId]/sessions/[sessionId]/builder/page.tsx(581,43): error TS2339: Property 'id' does not exist on type 'Screen'.
src/app/(dashboard)/dashboard/courses/[courseId]/units/[unitId]/topics/[topicId]/groups/[groupId]/sessions/[sessionId]/builder/page.tsx(585,45): error TS2339: Property 'id' does not exist on type 'Screen'.
src/app/api/auth/change-password/route.ts(4,24): error TS2305: Module '"@/lib/auth"' has no exported member 'comparePassword'.
src/components/features/courses/course-form.tsx(29,5): error TS2322: Type 'Resolver<{ name: string; price: number; description?: string | undefined; isActive?: boolean | undefined; purchaseable?: boolean | undefined; createdBy?: string | undefined; updatedBy?: string | undefined; }, any, { ...; }>' is not assignable to type 'Resolver<{ name: string; price: number; isActive: boolean; purchaseable: boolean; description?: string | undefined; createdBy?: string | undefined; updatedBy?: string | undefined; }, any, { name: string; ... 5 more ...; updatedBy?: string | undefined; }>'.
  Types of parameters 'options' and 'options' are incompatible.
    Type 'ResolverOptions<{ name: string; price: number; isActive: boolean; purchaseable: boolean; description?: string | undefined; createdBy?: string | undefined; updatedBy?: string | undefined; }>' is not assignable to type 'ResolverOptions<{ name: string; price: number; description?: string | undefined; isActive?: boolean | undefined; purchaseable?: boolean | undefined; createdBy?: string | undefined; updatedBy?: string | undefined; }>'.
      Type 'boolean | undefined' is not assignable to type 'boolean'.
        Type 'undefined' is not assignable to type 'boolean'.
src/components/features/courses/course-form.tsx(74,34): error TS2345: Argument of type '(data: { name: string; price: number; isActive: boolean; purchaseable: boolean; description?: string | undefined; createdBy?: string | undefined; updatedBy?: string | undefined; }) => Promise<void>' is not assignable to parameter of type 'SubmitHandler<TFieldValues>'.
  Types of parameters 'data' and 'data' are incompatible.
    Type 'TFieldValues' is not assignable to type '{ name: string; price: number; isActive: boolean; purchaseable: boolean; description?: string | undefined; createdBy?: string | undefined; updatedBy?: string | undefined; }'.
      Type 'FieldValues' is missing the following properties from type '{ name: string; price: number; isActive: boolean; purchaseable: boolean; description?: string | undefined; createdBy?: string | undefined; updatedBy?: string | undefined; }': name, price, isActive, purchaseable
src/components/features/session-groups/session-group-form.tsx(37,5): error TS2322: Type 'Resolver<{ name: string; topicId: string; description?: string | undefined; isActive?: boolean | undefined; createdBy?: string | undefined; updatedBy?: string | undefined; sequence?: number | undefined; }, any, { ...; }>' is not assignable to type 'Resolver<{ name: string; isActive: boolean; topicId: string; sequence: number; description?: string | undefined; createdBy?: string | undefined; updatedBy?: string | undefined; }, any, { name: string; ... 5 more ...; updatedBy?: string | undefined; }>'.
  Types of parameters 'options' and 'options' are incompatible.
    Type 'ResolverOptions<{ name: string; isActive: boolean; topicId: string; sequence: number; description?: string | undefined; createdBy?: string | undefined; updatedBy?: string | undefined; }>' is not assignable to type 'ResolverOptions<{ name: string; topicId: string; description?: string | undefined; isActive?: boolean | undefined; createdBy?: string | undefined; updatedBy?: string | undefined; sequence?: number | undefined; }>'.
      Type 'boolean | undefined' is not assignable to type 'boolean'.
        Type 'undefined' is not assignable to type 'boolean'.
src/components/features/session-groups/session-group-form.tsx(79,34): error TS2345: Argument of type '(data: { name: string; isActive: boolean; topicId: string; sequence: number; description?: string | undefined; createdBy?: string | undefined; updatedBy?: string | undefined; }) => Promise<void>' is not assignable to parameter of type 'SubmitHandler<TFieldValues>'.
  Types of parameters 'data' and 'data' are incompatible.
    Type 'TFieldValues' is not assignable to type '{ name: string; isActive: boolean; topicId: string; sequence: number; description?: string | undefined; createdBy?: string | undefined; updatedBy?: string | undefined; }'.
      Type 'FieldValues' is missing the following properties from type '{ name: string; isActive: boolean; topicId: string; sequence: number; description?: string | undefined; createdBy?: string | undefined; updatedBy?: string | undefined; }': name, isActive, topicId, sequence
src/components/features/session-groups/session-group-sortable-list.tsx(109,15): error TS2719: Type '(group: SessionGroup) => void' is not assignable to type '(group: SessionGroup) => void'. Two different types with this name exist, but they are unrelated.
  Types of parameters 'group' and 'group' are incompatible.
    Property 'sequence' is missing in type 'SessionGroup' but required in type 'SessionGroup'.
src/components/features/sessions/builder/action-content-editor.tsx(21,16): error TS2353: Object literal may only specify known properties, and 'content' does not exist in type 'Partial<Action>'.
src/components/features/sessions/builder/action-content-editor.tsx(21,37): error TS2339: Property 'content' does not exist on type 'Action'.
  Property 'content' does not exist on type 'ExplainAction'.
src/components/features/sessions/builder/action-content-editor.tsx(32,31): error TS2339: Property 'content' does not exist on type 'ExplainAction'.
src/components/features/sessions/builder/action-content-editor.tsx(45,31): error TS2339: Property 'content' does not exist on type 'ExplainAction'.
src/components/features/sessions/builder/action-content-editor.tsx(54,27): error TS2339: Property 'content' does not exist on type 'ExplainAction'.
src/components/features/sessions/builder/action-content-editor.tsx(67,33): error TS2339: Property 'content' does not exist on type 'ReadingAction'.
src/components/features/sessions/builder/action-content-editor.tsx(77,33): error TS2339: Property 'content' does not exist on type 'ReadingAction'.
src/components/features/sessions/builder/action-content-editor.tsx(87,31): error TS2339: Property 'content' does not exist on type 'ReadingAction'.
src/components/features/sessions/builder/action-content-editor.tsx(94,27): error TS2339: Property 'content' does not exist on type 'ReadingAction'.
src/components/features/sessions/builder/action-content-editor.tsx(105,27): error TS2339: Property 'content' does not exist on type 'AudioAction'.
src/components/features/sessions/builder/action-content-editor.tsx(117,27): error TS2339: Property 'content' does not exist on type 'ImageAction'.
src/components/features/sessions/builder/action-content-editor.tsx(131,31): error TS2339: Property 'content' does not exist on type 'ChatAction'.
src/components/features/sessions/builder/action-content-editor.tsx(134,41): error TS2339: Property 'content' does not exist on type 'ChatAction'.
src/components/features/sessions/builder/action-content-editor.tsx(142,31): error TS2339: Property 'content' does not exist on type 'ChatAction'.
src/components/features/sessions/builder/action-content-editor.tsx(146,33): error TS2339: Property 'content' does not exist on type 'ChatAction'.
src/components/features/sessions/builder/action-content-editor.tsx(156,31): error TS2339: Property 'content' does not exist on type 'ChatAction'.
src/components/features/sessions/builder/action-content-editor.tsx(167,35): error TS2339: Property 'content' does not exist on type 'ChatAction'.
src/components/features/sessions/builder/action-content-editor.tsx(174,35): error TS2339: Property 'content' does not exist on type 'ChatAction'.
src/components/features/sessions/builder/action-content-editor.tsx(182,27): error TS2339: Property 'content' does not exist on type 'ChatAction'.
src/components/features/sessions/builder/action-content-editor.tsx(201,32): error TS2339: Property 'content' does not exist on type 'ChoiceAction'.
src/components/features/sessions/builder/action-content-editor.tsx(213,19): error TS2339: Property 'content' does not exist on type 'ChoiceAction'.
src/components/features/sessions/builder/action-content-editor.tsx(221,44): error TS2339: Property 'content' does not exist on type 'ChoiceAction'.
src/components/features/sessions/builder/action-content-editor.tsx(235,46): error TS2339: Property 'content' does not exist on type 'ChoiceAction'.
src/components/features/sessions/builder/action-content-editor.tsx(247,40): error TS2339: Property 'content' does not exist on type 'ChoiceAction'.
src/components/features/sessions/builder/action-content-editor.tsx(273,32): error TS2339: Property 'content' does not exist on type 'MatchCardAction'.
src/components/features/sessions/builder/action-content-editor.tsx(282,19): error TS2339: Property 'content' does not exist on type 'MatchCardAction'.
src/components/features/sessions/builder/action-content-editor.tsx(292,46): error TS2339: Property 'content' does not exist on type 'MatchCardAction'.
src/components/features/sessions/builder/action-content-editor.tsx(307,46): error TS2339: Property 'content' does not exist on type 'MatchCardAction'.
src/components/features/sessions/builder/action-content-editor.tsx(321,42): error TS2339: Property 'content' does not exist on type 'MatchCardAction'.
src/components/features/sessions/builder/action-content-editor.tsx(343,31): error TS2339: Property 'content' does not exist on type 'WriteSentenceInChatAction'.
src/components/features/sessions/builder/action-content-editor.tsx(357,29): error TS2339: Property 'content' does not exist on type 'WriteSentenceAction | WriteSentenceInChatAction'.
  Property 'content' does not exist on type 'WriteSentenceAction'.
src/components/features/sessions/builder/action-content-editor.tsx(383,32): error TS2339: Property 'content' does not exist on type 'FillSentenceByTypingAction | FillSentenceWithChoiceAction'.
  Property 'content' does not exist on type 'FillSentenceByTypingAction'.
src/components/features/sessions/builder/action-content-editor.tsx(392,19): error TS2339: Property 'content' does not exist on type 'FillSentenceByTypingAction | FillSentenceWithChoiceAction'.
  Property 'content' does not exist on type 'FillSentenceByTypingAction'.
src/components/features/sessions/builder/action-content-editor.tsx(398,49): error TS2339: Property 'content' does not exist on type 'FillSentenceByTypingAction | FillSentenceWithChoiceAction'.
  Property 'content' does not exist on type 'FillSentenceByTypingAction'.
src/components/features/sessions/builder/action-content-editor.tsx(409,51): error TS2339: Property 'content' does not exist on type 'FillSentenceByTypingAction | FillSentenceWithChoiceAction'.
  Property 'content' does not exist on type 'FillSentenceByTypingAction'.
src/components/features/sessions/builder/action-content-editor.tsx(421,45): error TS2339: Property 'content' does not exist on type 'FillSentenceByTypingAction | FillSentenceWithChoiceAction'.
  Property 'content' does not exist on type 'FillSentenceByTypingAction'.
src/components/features/sessions/builder/action-content-editor.tsx(441,53): error TS2339: Property 'content' does not exist on type 'FillSentenceWithChoiceAction'.
src/components/features/sessions/builder/word-editor.tsx(16,3): error TS2305: Module '"lucide-react"' has no exported member 'Highlighting'.
src/components/features/sessions/session-form.tsx(41,5): error TS2322: Type 'Resolver<{ type: "test" | "reading" | "vocab" | "listening" | "grammar" | "example"; name: string; sessionGroupId: string; cefrLevel: "A1" | "A2" | "B1" | "B2" | "C1" | "C2"; isActive?: boolean | undefined; screens?: { ...; }[] | undefined; }, any, { ...; }>' is not assignable to type 'Resolver<{ type: "test" | "reading" | "vocab" | "listening" | "grammar" | "example"; name: string; isActive: boolean; sessionGroupId: string; cefrLevel: "A1" | "A2" | "B1" | "B2" | "C1" | "C2"; screens: { ...; }[]; }, any, { ...; }>'.
  Types of parameters 'options' and 'options' are incompatible.
    Type 'ResolverOptions<{ type: "test" | "reading" | "vocab" | "listening" | "grammar" | "example"; name: string; isActive: boolean; sessionGroupId: string; cefrLevel: "A1" | "A2" | "B1" | "B2" | "C1" | "C2"; screens: { ...; }[]; }>' is not assignable to type 'ResolverOptions<{ type: "test" | "reading" | "vocab" | "listening" | "grammar" | "example"; name: string; sessionGroupId: string; cefrLevel: "A1" | "A2" | "B1" | "B2" | "C1" | "C2"; isActive?: boolean | undefined; screens?: { ...; }[] | undefined; }>'.
      Type 'boolean | undefined' is not assignable to type 'boolean'.
        Type 'undefined' is not assignable to type 'boolean'.
src/components/features/sessions/session-form.tsx(87,34): error TS2345: Argument of type '(data: { type: "test" | "reading" | "vocab" | "listening" | "grammar" | "example"; name: string; isActive: boolean; sessionGroupId: string; cefrLevel: "A1" | "A2" | "B1" | "B2" | "C1" | "C2"; screens: { ...; }[]; }) => Promise<...>' is not assignable to parameter of type 'SubmitHandler<TFieldValues>'.
  Types of parameters 'data' and 'data' are incompatible.
    Type 'TFieldValues' is not assignable to type '{ type: "test" | "reading" | "vocab" | "listening" | "grammar" | "example"; name: string; isActive: boolean; sessionGroupId: string; cefrLevel: "A1" | "A2" | "B1" | "B2" | "C1" | "C2"; screens: { ...; }[]; }'.
      Type 'FieldValues' is missing the following properties from type '{ type: "test" | "reading" | "vocab" | "listening" | "grammar" | "example"; name: string; isActive: boolean; sessionGroupId: string; cefrLevel: "A1" | "A2" | "B1" | "B2" | "C1" | "C2"; screens: { ...; }[]; }': type, name, isActive, sessionGroupId, and 2 more.
src/components/features/sessions/session-sortable-list.tsx(114,15): error TS2719: Type '(session: Session) => void' is not assignable to type '(session: Session) => void'. Two different types with this name exist, but they are unrelated.
  Types of parameters 'session' and 'session' are incompatible.
    Property 'sequence' is missing in type 'Session' but required in type 'Session'.
src/components/features/topics/topic-form.tsx(30,5): error TS2322: Type 'Resolver<{ name: string; unitId: string; description?: string | undefined; isActive?: boolean | undefined; createdBy?: string | undefined; updatedBy?: string | undefined; sequence?: number | undefined; }, any, { ...; }>' is not assignable to type 'Resolver<{ name: string; isActive: boolean; sequence: number; unitId: string; description?: string | undefined; createdBy?: string | undefined; updatedBy?: string | undefined; }, any, { name: string; ... 5 more ...; updatedBy?: string | undefined; }>'.
  Types of parameters 'options' and 'options' are incompatible.
    Type 'ResolverOptions<{ name: string; isActive: boolean; sequence: number; unitId: string; description?: string | undefined; createdBy?: string | undefined; updatedBy?: string | undefined; }>' is not assignable to type 'ResolverOptions<{ name: string; unitId: string; description?: string | undefined; isActive?: boolean | undefined; createdBy?: string | undefined; updatedBy?: string | undefined; sequence?: number | undefined; }>'.
      Type 'boolean | undefined' is not assignable to type 'boolean'.
        Type 'undefined' is not assignable to type 'boolean'.
src/components/features/topics/topic-form.tsx(72,34): error TS2345: Argument of type '(data: { name: string; isActive: boolean; sequence: number; unitId: string; description?: string | undefined; createdBy?: string | undefined; updatedBy?: string | undefined; }) => Promise<void>' is not assignable to parameter of type 'SubmitHandler<TFieldValues>'.
  Types of parameters 'data' and 'data' are incompatible.
    Type 'TFieldValues' is not assignable to type '{ name: string; isActive: boolean; sequence: number; unitId: string; description?: string | undefined; createdBy?: string | undefined; updatedBy?: string | undefined; }'.
      Type 'FieldValues' is missing the following properties from type '{ name: string; isActive: boolean; sequence: number; unitId: string; description?: string | undefined; createdBy?: string | undefined; updatedBy?: string | undefined; }': name, isActive, sequence, unitId
src/components/features/topics/topic-sortable-list.tsx(106,15): error TS2719: Type '(topic: Topic) => void' is not assignable to type '(topic: Topic) => void'. Two different types with this name exist, but they are unrelated.
  Types of parameters 'topic' and 'topic' are incompatible.
    Property 'sequence' is missing in type 'Topic' but required in type 'Topic'.
src/components/features/units/unit-form.tsx(30,5): error TS2322: Type 'Resolver<{ name: string; courseId: string; description?: string | undefined; isActive?: boolean | undefined; createdBy?: string | undefined; updatedBy?: string | undefined; sequence?: number | undefined; }, any, { ...; }>' is not assignable to type 'Resolver<{ name: string; isActive: boolean; sequence: number; courseId: string; description?: string | undefined; createdBy?: string | undefined; updatedBy?: string | undefined; }, any, { name: string; ... 5 more ...; updatedBy?: string | undefined; }>'.
  Types of parameters 'options' and 'options' are incompatible.
    Type 'ResolverOptions<{ name: string; isActive: boolean; sequence: number; courseId: string; description?: string | undefined; createdBy?: string | undefined; updatedBy?: string | undefined; }>' is not assignable to type 'ResolverOptions<{ name: string; courseId: string; description?: string | undefined; isActive?: boolean | undefined; createdBy?: string | undefined; updatedBy?: string | undefined; sequence?: number | undefined; }>'.
      Type 'boolean | undefined' is not assignable to type 'boolean'.
        Type 'undefined' is not assignable to type 'boolean'.
src/components/features/units/unit-form.tsx(72,34): error TS2345: Argument of type '(data: { name: string; isActive: boolean; sequence: number; courseId: string; description?: string | undefined; createdBy?: string | undefined; updatedBy?: string | undefined; }) => Promise<void>' is not assignable to parameter of type 'SubmitHandler<TFieldValues>'.
  Types of parameters 'data' and 'data' are incompatible.
    Type 'TFieldValues' is not assignable to type '{ name: string; isActive: boolean; sequence: number; courseId: string; description?: string | undefined; createdBy?: string | undefined; updatedBy?: string | undefined; }'.
      Type 'FieldValues' is missing the following properties from type '{ name: string; isActive: boolean; sequence: number; courseId: string; description?: string | undefined; createdBy?: string | undefined; updatedBy?: string | undefined; }': name, isActive, sequence, courseId
src/components/features/units/unit-sortable-list.tsx(103,15): error TS2719: Type '(unit: Unit) => void' is not assignable to type '(unit: Unit) => void'. Two different types with this name exist, but they are unrelated.
  Types of parameters 'unit' and 'unit' are incompatible.
    Property 'sequence' is missing in type 'Unit' but required in type 'Unit'.
test-db.ts(18,32): error TS18046: 'err' is of type 'unknown'.
